g:\githubrepos\projekt\game\game\debug\vc141.pdb
g:\githubrepos\projekt\game\game\debug\vc141.idb
g:\githubrepos\projekt\game\game\debug\controller.sbr
g:\githubrepos\projekt\game\game\debug\display.sbr
g:\githubrepos\projekt\game\game\debug\eventmenager.sbr
g:\githubrepos\projekt\game\game\debug\gameobject.sbr
g:\githubrepos\projekt\game\game\debug\gameobjlist.sbr
g:\githubrepos\projekt\game\game\debug\graph.sbr
g:\githubrepos\projekt\game\game\debug\main.sbr
g:\githubrepos\projekt\game\game\debug\textures.sbr
g:\githubrepos\projekt\game\game\debug\vehicle.sbr
g:\githubrepos\projekt\game\game\debug\vehicle.obj
g:\githubrepos\projekt\game\game\debug\textures.obj
g:\githubrepos\projekt\game\game\debug\main.obj
g:\githubrepos\projekt\game\game\debug\graph.obj
g:\githubrepos\projekt\game\game\debug\gameobjlist.obj
g:\githubrepos\projekt\game\game\debug\gameobject.obj
g:\githubrepos\projekt\game\game\debug\eventmenager.obj
g:\githubrepos\projekt\game\game\debug\display.obj
g:\githubrepos\projekt\game\game\debug\controller.obj
g:\githubrepos\projekt\game\debug\game.pdb
g:\githubrepos\projekt\game\game\debug\game.tlog\cl.command.1.tlog
g:\githubrepos\projekt\game\game\debug\game.tlog\cl.read.1.tlog
g:\githubrepos\projekt\game\game\debug\game.tlog\cl.write.1.tlog
g:\githubrepos\projekt\game\game\debug\game.tlog\link-cvtres.read.1.tlog
g:\githubrepos\projekt\game\game\debug\game.tlog\link-cvtres.write.1.tlog
g:\githubrepos\projekt\game\game\debug\game.tlog\link-rc.read.1.tlog
g:\githubrepos\projekt\game\game\debug\game.tlog\link-rc.write.1.tlog
g:\githubrepos\projekt\game\game\debug\game.tlog\link.command.1.tlog
g:\githubrepos\projekt\game\game\debug\game.tlog\link.read.1.tlog
g:\githubrepos\projekt\game\game\debug\game.tlog\link.write.1.tlog
